Build started 2017/3/9 星期四 0:03:13.
     1>Project "F:\x\openssl\OpenSSL VS_Project\openssl-1.0.1g_VS2008\MSVC\libeay32\libeay32.vcxproj" on node 2 (Build target(s)).
     1>ClCompile:
         C:\Program Files\Microsoft Visual Studio 11.0\VC\bin\CL.exe /c /I..\..\include /I..\.. /I..\..\Crypto /I..\..\Crypto\asn1 /I..\..\Crypto\evp /I..\..\Crypto\modes /Zi /nologo /W3 /WX- /Od /Ob2 /Oy- /D _WINDOWS /D L_ENDIAN /D DSO_WIN32 /D OPENSSL_THREADS /D WIN32_LEAN_AND_MEAN /D WIN32 /D _DEBUG /D MK1MF_BUILD /D OPENSSL_NO_STATIC_ENGINE /D OPENSSL_SYSNAME_WIN32 /D OPENSSL_USE_APPLINK /D _VC80_UPGRADE=0x0600 /D _WINDLL /Gm /EHsc /MDd /GS /fp:precise /Zc:wchar_t /Zc:forScope /Fo".\..\..\tmp32dll\Debug/" /Fd".\..\..\tmp32dll\Debug/vc110.pdb" /Gd /TC /analyze- /errorReport:prompt ..\..\apps\apps.c
         apps.c
     1>..\..\apps\apps.c(655): warning C4996: 'getenv': This function or variable may be unsafe. Consider using _dupenv_s instead. To disable deprecation, use _CRT_SECURE_NO_WARNINGS. See online help for details.
                 C:\Program Files\Microsoft Visual Studio 11.0\VC\include\stdlib.h(449) : see declaration of 'getenv'
     1>..\..\apps\apps.c(2326): warning C4996: 'sscanf': This function or variable may be unsafe. Consider using sscanf_s instead. To disable deprecation, use _CRT_SECURE_NO_WARNINGS. See online help for details.
                 C:\Program Files\Microsoft Visual Studio 11.0\VC\include\stdio.h(311) : see declaration of 'sscanf'
       Link:
         C:\Program Files\Microsoft Visual Studio 11.0\VC\bin\link.exe /ERRORREPORT:PROMPT /OUT:".\..\..\out32dll\Debug/libeay32.dll" /INCREMENTAL:NO /NOLOGO ws2_32.lib Gdi32.lib Advapi32.lib kernel32.lib user32.lib gdi32.lib winspool.lib comdlg32.lib advapi32.lib shell32.lib ole32.lib oleaut32.lib uuid.lib odbc32.lib odbccp32.lib /DEF:"..\..\ms\libeay32.def" /MANIFEST /MANIFESTUAC:"level='asInvoker' uiAccess='false'" /manifest:embed /DEBUG /PDB:".\..\..\out32dll\Debug/libeay32.pdb" /SUBSYSTEM:WINDOWS /TLBID:1 /DYNAMICBASE:NO /IMPLIB:".\..\..\out32dll\Debug/libeay32.lib" /MACHINE:X86 /SAFESEH /DLL .\..\..\tmp32dll\Debug/aes_cbc.obj
         .\..\..\tmp32dll\Debug/aes_cfb.obj
         .\..\..\tmp32dll\Debug/aes_core.obj
         .\..\..\tmp32dll\Debug/aes_ctr.obj
         .\..\..\tmp32dll\Debug/aes_ecb.obj
         .\..\..\tmp32dll\Debug/aes_ige.obj
         .\..\..\tmp32dll\Debug/aes_misc.obj
         .\..\..\tmp32dll\Debug/aes_ofb.obj
         .\..\..\tmp32dll\Debug/aes_wrap.obj
         .\..\..\tmp32dll\Debug/a_bitstr.obj
         .\..\..\tmp32dll\Debug/a_bool.obj
         .\..\..\tmp32dll\Debug/a_bytes.obj
         .\..\..\tmp32dll\Debug/a_d2i_fp.obj
         .\..\..\tmp32dll\Debug/a_digest.obj
         .\..\..\tmp32dll\Debug/a_dup.obj
         .\..\..\tmp32dll\Debug/a_enum.obj
         .\..\..\tmp32dll\Debug/a_gentm.obj
         .\..\..\tmp32dll\Debug/a_i2d_fp.obj
         .\..\..\tmp32dll\Debug/a_int.obj
         .\..\..\tmp32dll\Debug/a_mbstr.obj
         .\..\..\tmp32dll\Debug/a_object.obj
         .\..\..\tmp32dll\Debug/a_octet.obj
         .\..\..\tmp32dll\Debug/a_print.obj
         .\..\..\tmp32dll\Debug/a_set.obj
         .\..\..\tmp32dll\Debug/a_sign.obj
         .\..\..\tmp32dll\Debug/a_strex.obj
         .\..\..\tmp32dll\Debug/a_strnid.obj
         .\..\..\tmp32dll\Debug/a_time.obj
         .\..\..\tmp32dll\Debug/a_type.obj
         .\..\..\tmp32dll\Debug/a_utctm.obj
         .\..\..\tmp32dll\Debug/a_utf8.obj
         .\..\..\tmp32dll\Debug/a_verify.obj
         .\..\..\tmp32dll\Debug/ameth_lib.obj
         .\..\..\tmp32dll\Debug/asn1_err.obj
         .\..\..\tmp32dll\Debug/asn1_gen.obj
         .\..\..\tmp32dll\Debug/asn1_lib.obj
         .\..\..\tmp32dll\Debug/asn1_par.obj
         .\..\..\tmp32dll\Debug/asn_mime.obj
         .\..\..\tmp32dll\Debug/asn_moid.obj
         .\..\..\tmp32dll\Debug/asn_pack.obj
         .\..\..\tmp32dll\Debug/bio_asn1.obj
         .\..\..\tmp32dll\Debug/bio_ndef.obj
         .\..\..\tmp32dll\Debug/d2i_pr.obj
         .\..\..\tmp32dll\Debug/d2i_pu.obj
         .\..\..\tmp32dll\Debug/evp_asn1.obj
         .\..\..\tmp32dll\Debug/f_enum.obj
         .\..\..\tmp32dll\Debug/f_int.obj
         .\..\..\tmp32dll\Debug/f_string.obj
         .\..\..\tmp32dll\Debug/i2d_pr.obj
         .\..\..\tmp32dll\Debug/i2d_pu.obj
         .\..\..\tmp32dll\Debug/n_pkey.obj
         .\..\..\tmp32dll\Debug/nsseq.obj
         .\..\..\tmp32dll\Debug/p5_pbe.obj
         .\..\..\tmp32dll\Debug/p5_pbev2.obj
         .\..\..\tmp32dll\Debug/p8_pkey.obj
         .\..\..\tmp32dll\Debug/t_bitst.obj
         .\..\..\tmp32dll\Debug/t_crl.obj
         .\..\..\tmp32dll\Debug/t_pkey.obj
         .\..\..\tmp32dll\Debug/t_req.obj
         .\..\..\tmp32dll\Debug/t_spki.obj
         .\..\..\tmp32dll\Debug/t_x509.obj
         .\..\..\tmp32dll\Debug/t_x509a.obj
         .\..\..\tmp32dll\Debug/tasn_dec.obj
         .\..\..\tmp32dll\Debug/tasn_enc.obj
         .\..\..\tmp32dll\Debug/tasn_fre.obj
         .\..\..\tmp32dll\Debug/tasn_new.obj
         .\..\..\tmp32dll\Debug/tasn_prn.obj
         .\..\..\tmp32dll\Debug/tasn_typ.obj
         .\..\..\tmp32dll\Debug/tasn_utl.obj
         .\..\..\tmp32dll\Debug/x_algor.obj
         .\..\..\tmp32dll\Debug/x_attrib.obj
         .\..\..\tmp32dll\Debug/x_bignum.obj
         .\..\..\tmp32dll\Debug/x_crl.obj
         .\..\..\tmp32dll\Debug/x_exten.obj
         .\..\..\tmp32dll\Debug/x_info.obj
         .\..\..\tmp32dll\Debug/x_long.obj
         .\..\..\tmp32dll\Debug/x_name.obj
         .\..\..\tmp32dll\Debug/x_nx509.obj
         .\..\..\tmp32dll\Debug/x_pkey.obj
         .\..\..\tmp32dll\Debug/x_pubkey.obj
         .\..\..\tmp32dll\Debug/x_req.obj
         .\..\..\tmp32dll\Debug/x_sig.obj
         .\..\..\tmp32dll\Debug/x_spki.obj
         .\..\..\tmp32dll\Debug/x_val.obj
         .\..\..\tmp32dll\Debug/x_x509.obj
         .\..\..\tmp32dll\Debug/x_x509a.obj
         .\..\..\tmp32dll\Debug/bf_cfb64.obj
         .\..\..\tmp32dll\Debug/bf_ecb.obj
         .\..\..\tmp32dll\Debug/bf_enc.obj
         .\..\..\tmp32dll\Debug/bf_ofb64.obj
         .\..\..\tmp32dll\Debug/bf_skey.obj
         .\..\..\tmp32dll\Debug/b_dump.obj
         .\..\..\tmp32dll\Debug/b_print.obj
         .\..\..\tmp32dll\Debug/b_sock.obj
         .\..\..\tmp32dll\Debug/bf_buff.obj
         .\..\..\tmp32dll\Debug/bf_nbio.obj
         .\..\..\tmp32dll\Debug/bf_null.obj
         .\..\..\tmp32dll\Debug/bio_cb.obj
         .\..\..\tmp32dll\Debug/bio_err.obj
         .\..\..\tmp32dll\Debug/bio_lib.obj
         .\..\..\tmp32dll\Debug/bss_acpt.obj
         .\..\..\tmp32dll\Debug/bss_bio.obj
         .\..\..\tmp32dll\Debug/bss_conn.obj
         .\..\..\tmp32dll\Debug/bss_dgram.obj
         .\..\..\tmp32dll\Debug/bss_fd.obj
         .\..\..\tmp32dll\Debug/bss_file.obj
         .\..\..\tmp32dll\Debug/bss_log.obj
         .\..\..\tmp32dll\Debug/bss_mem.obj
         .\..\..\tmp32dll\Debug/bss_null.obj
         .\..\..\tmp32dll\Debug/bss_sock.obj
         .\..\..\tmp32dll\Debug/bn_add.obj
         .\..\..\tmp32dll\Debug/bn_asm.obj
         .\..\..\tmp32dll\Debug/bn_blind.obj
         .\..\..\tmp32dll\Debug/bn_const.obj
         .\..\..\tmp32dll\Debug/bn_ctx.obj
         .\..\..\tmp32dll\Debug/bn_depr.obj
         .\..\..\tmp32dll\Debug/bn_div.obj
         .\..\..\tmp32dll\Debug/bn_err.obj
         .\..\..\tmp32dll\Debug/bn_exp.obj
         .\..\..\tmp32dll\Debug/bn_exp2.obj
         .\..\..\tmp32dll\Debug/bn_gcd.obj
         .\..\..\tmp32dll\Debug/bn_gf2m.obj
         .\..\..\tmp32dll\Debug/bn_kron.obj
         .\..\..\tmp32dll\Debug/bn_lib.obj
         .\..\..\tmp32dll\Debug/bn_mod.obj
         .\..\..\tmp32dll\Debug/bn_mont.obj
         .\..\..\tmp32dll\Debug/bn_mpi.obj
         .\..\..\tmp32dll\Debug/bn_mul.obj
         .\..\..\tmp32dll\Debug/bn_nist.obj
         .\..\..\tmp32dll\Debug/bn_prime.obj
         .\..\..\tmp32dll\Debug/bn_print.obj
         .\..\..\tmp32dll\Debug/bn_rand.obj
         .\..\..\tmp32dll\Debug/bn_recp.obj
         .\..\..\tmp32dll\Debug/bn_shift.obj
         .\..\..\tmp32dll\Debug/bn_sqr.obj
         .\..\..\tmp32dll\Debug/bn_sqrt.obj
         .\..\..\tmp32dll\Debug/bn_word.obj
         .\..\..\tmp32dll\Debug/bn_x931p.obj
         .\..\..\tmp32dll\Debug/buf_err.obj
         .\..\..\tmp32dll\Debug/buf_str.obj
         .\..\..\tmp32dll\Debug/buffer.obj
         .\..\..\tmp32dll\Debug/camellia.obj
         .\..\..\tmp32dll\Debug/cmll_cbc.obj
         .\..\..\tmp32dll\Debug/cmll_cfb.obj
         .\..\..\tmp32dll\Debug/cmll_ctr.obj
         .\..\..\tmp32dll\Debug/cmll_ecb.obj
         .\..\..\tmp32dll\Debug/cmll_misc.obj
         .\..\..\tmp32dll\Debug/cmll_ofb.obj
         .\..\..\tmp32dll\Debug/cmll_utl.obj
         .\..\..\tmp32dll\Debug/c_cfb64.obj
         .\..\..\tmp32dll\Debug/c_ecb.obj
         .\..\..\tmp32dll\Debug/c_enc.obj
         .\..\..\tmp32dll\Debug/c_ofb64.obj
         .\..\..\tmp32dll\Debug/c_skey.obj
         .\..\..\tmp32dll\Debug/cm_ameth.obj
         .\..\..\tmp32dll\Debug/cm_pmeth.obj
         .\..\..\tmp32dll\Debug/cmac.obj
         .\..\..\tmp32dll\Debug/cms_asn1.obj
         .\..\..\tmp32dll\Debug/cms_att.obj
         .\..\..\tmp32dll\Debug/cms_cd.obj
         .\..\..\tmp32dll\Debug/cms_dd.obj
         .\..\..\tmp32dll\Debug/cms_enc.obj
         .\..\..\tmp32dll\Debug/cms_env.obj
         .\..\..\tmp32dll\Debug/cms_err.obj
         .\..\..\tmp32dll\Debug/cms_ess.obj
         .\..\..\tmp32dll\Debug/cms_io.obj
         .\..\..\tmp32dll\Debug/cms_lib.obj
         .\..\..\tmp32dll\Debug/cms_pwri.obj
         .\..\..\tmp32dll\Debug/cms_sd.obj
         .\..\..\tmp32dll\Debug/cms_smime.obj
         .\..\..\tmp32dll\Debug/c_rle.obj
         .\..\..\tmp32dll\Debug/c_zlib.obj
         .\..\..\tmp32dll\Debug/comp_err.obj
         .\..\..\tmp32dll\Debug/comp_lib.obj
         .\..\..\tmp32dll\Debug/conf_api.obj
         .\..\..\tmp32dll\Debug/conf_def.obj
         .\..\..\tmp32dll\Debug/conf_err.obj
         .\..\..\tmp32dll\Debug/conf_lib.obj
         .\..\..\tmp32dll\Debug/conf_mall.obj
         .\..\..\tmp32dll\Debug/conf_mod.obj
         .\..\..\tmp32dll\Debug/conf_sap.obj
         .\..\..\tmp32dll\Debug/cbc_cksm.obj
         .\..\..\tmp32dll\Debug/cbc_enc.obj
         .\..\..\tmp32dll\Debug/cfb64ede.obj
         .\..\..\tmp32dll\Debug/cfb64enc.obj
         .\..\..\tmp32dll\Debug/cfb_enc.obj
         .\..\..\tmp32dll\Debug/des_enc.obj
         .\..\..\tmp32dll\Debug/des_old.obj
         .\..\..\tmp32dll\Debug/des_old2.obj
         .\..\..\tmp32dll\Debug/ecb3_enc.obj
         .\..\..\tmp32dll\Debug/ecb_enc.obj
         .\..\..\tmp32dll\Debug/ede_cbcm_enc.obj
         .\..\..\tmp32dll\Debug/enc_read.obj
         .\..\..\tmp32dll\Debug/enc_writ.obj
         .\..\..\tmp32dll\Debug/fcrypt.obj
         .\..\..\tmp32dll\Debug/fcrypt_b.obj
         .\..\..\tmp32dll\Debug/ofb64ede.obj
         .\..\..\tmp32dll\Debug/ofb64enc.obj
         .\..\..\tmp32dll\Debug/ofb_enc.obj
         .\..\..\tmp32dll\Debug/pcbc_enc.obj
         .\..\..\tmp32dll\Debug/qud_cksm.obj
         .\..\..\tmp32dll\Debug/rand_key.obj
         .\..\..\tmp32dll\Debug/read2pwd.obj
         .\..\..\tmp32dll\Debug/rpc_enc.obj
         .\..\..\tmp32dll\Debug/set_key.obj
         .\..\..\tmp32dll\Debug/str2key.obj
         .\..\..\tmp32dll\Debug/xcbc_enc.obj
         .\..\..\tmp32dll\Debug/dh_ameth.obj
         .\..\..\tmp32dll\Debug/dh_asn1.obj
         .\..\..\tmp32dll\Debug/dh_check.obj
         .\..\..\tmp32dll\Debug/dh_depr.obj
         .\..\..\tmp32dll\Debug/dh_err.obj
         .\..\..\tmp32dll\Debug/dh_gen.obj
         .\..\..\tmp32dll\Debug/dh_key.obj
         .\..\..\tmp32dll\Debug/dh_lib.obj
         .\..\..\tmp32dll\Debug/dh_pmeth.obj
         .\..\..\tmp32dll\Debug/dh_prn.obj
         .\..\..\tmp32dll\Debug/dsa_ameth.obj
         .\..\..\tmp32dll\Debug/dsa_asn1.obj
         .\..\..\tmp32dll\Debug/dsa_depr.obj
         .\..\..\tmp32dll\Debug/dsa_err.obj
         .\..\..\tmp32dll\Debug/dsa_gen.obj
         .\..\..\tmp32dll\Debug/dsa_key.obj
         .\..\..\tmp32dll\Debug/dsa_lib.obj
         .\..\..\tmp32dll\Debug/dsa_ossl.obj
         .\..\..\tmp32dll\Debug/dsa_pmeth.obj
         .\..\..\tmp32dll\Debug/dsa_prn.obj
         .\..\..\tmp32dll\Debug/dsa_sign.obj
         .\..\..\tmp32dll\Debug/dsa_vrf.obj
         .\..\..\tmp32dll\Debug/dso_beos.obj
         .\..\..\tmp32dll\Debug/dso_dl.obj
         .\..\..\tmp32dll\Debug/dso_dlfcn.obj
         .\..\..\tmp32dll\Debug/dso_err.obj
         .\..\..\tmp32dll\Debug/dso_lib.obj
         .\..\..\tmp32dll\Debug/dso_null.obj
         .\..\..\tmp32dll\Debug/dso_openssl.obj
         .\..\..\tmp32dll\Debug/dso_vms.obj
         .\..\..\tmp32dll\Debug/dso_win32.obj
         .\..\..\tmp32dll\Debug/ec2_mult.obj
         .\..\..\tmp32dll\Debug/ec2_oct.obj
         .\..\..\tmp32dll\Debug/ec2_smpl.obj
         .\..\..\tmp32dll\Debug/ec_ameth.obj
         .\..\..\tmp32dll\Debug/ec_asn1.obj
         .\..\..\tmp32dll\Debug/ec_check.obj
         .\..\..\tmp32dll\Debug/ec_curve.obj
         .\..\..\tmp32dll\Debug/ec_cvt.obj
         .\..\..\tmp32dll\Debug/ec_err.obj
         .\..\..\tmp32dll\Debug/ec_key.obj
         .\..\..\tmp32dll\Debug/ec_lib.obj
         .\..\..\tmp32dll\Debug/ec_mult.obj
         .\..\..\tmp32dll\Debug/ec_oct.obj
         .\..\..\tmp32dll\Debug/ec_pmeth.obj
         .\..\..\tmp32dll\Debug/ec_print.obj
         .\..\..\tmp32dll\Debug/eck_prn.obj
         .\..\..\tmp32dll\Debug/ecp_mont.obj
         .\..\..\tmp32dll\Debug/ecp_nist.obj
         .\..\..\tmp32dll\Debug/ecp_oct.obj
         .\..\..\tmp32dll\Debug/ecp_smpl.obj
         .\..\..\tmp32dll\Debug/ech_err.obj
         .\..\..\tmp32dll\Debug/ech_key.obj
         .\..\..\tmp32dll\Debug/ech_lib.obj
         .\..\..\tmp32dll\Debug/ech_ossl.obj
         .\..\..\tmp32dll\Debug/ecs_asn1.obj
         .\..\..\tmp32dll\Debug/ecs_err.obj
         .\..\..\tmp32dll\Debug/ecs_lib.obj
         .\..\..\tmp32dll\Debug/ecs_ossl.obj
         .\..\..\tmp32dll\Debug/ecs_sign.obj
         .\..\..\tmp32dll\Debug/ecs_vrf.obj
         .\..\..\tmp32dll\Debug/eng_all.obj
         .\..\..\tmp32dll\Debug/eng_cnf.obj
         .\..\..\tmp32dll\Debug/eng_cryptodev.obj
         .\..\..\tmp32dll\Debug/eng_ctrl.obj
         .\..\..\tmp32dll\Debug/eng_dyn.obj
         .\..\..\tmp32dll\Debug/eng_err.obj
         .\..\..\tmp32dll\Debug/eng_fat.obj
         .\..\..\tmp32dll\Debug/eng_init.obj
         .\..\..\tmp32dll\Debug/eng_lib.obj
         .\..\..\tmp32dll\Debug/eng_list.obj
         .\..\..\tmp32dll\Debug/eng_openssl.obj
         .\..\..\tmp32dll\Debug/eng_pkey.obj
         .\..\..\tmp32dll\Debug/eng_rdrand.obj
         .\..\..\tmp32dll\Debug/eng_rsax.obj
         .\..\..\tmp32dll\Debug/eng_table.obj
         .\..\..\tmp32dll\Debug/tb_asnmth.obj
         .\..\..\tmp32dll\Debug/tb_cipher.obj
         .\..\..\tmp32dll\Debug/tb_dh.obj
         .\..\..\tmp32dll\Debug/tb_digest.obj
         .\..\..\tmp32dll\Debug/tb_dsa.obj
         .\..\..\tmp32dll\Debug/tb_ecdh.obj
         .\..\..\tmp32dll\Debug/tb_ecdsa.obj
         .\..\..\tmp32dll\Debug/tb_pkmeth.obj
         .\..\..\tmp32dll\Debug/tb_rand.obj
         .\..\..\tmp32dll\Debug/tb_rsa.obj
         .\..\..\tmp32dll\Debug/tb_store.obj
         .\..\..\tmp32dll\Debug/err.obj
         .\..\..\tmp32dll\Debug/err_all.obj
         .\..\..\tmp32dll\Debug/err_prn.obj
         .\..\..\tmp32dll\Debug/bio_b64.obj
         .\..\..\tmp32dll\Debug/bio_enc.obj
         .\..\..\tmp32dll\Debug/bio_md.obj
         .\..\..\tmp32dll\Debug/bio_ok.obj
         .\..\..\tmp32dll\Debug/c_all.obj
         .\..\..\tmp32dll\Debug/c_allc.obj
         .\..\..\tmp32dll\Debug/c_alld.obj
         .\..\..\tmp32dll\Debug/digest.obj
         .\..\..\tmp32dll\Debug/e_aes.obj
         .\..\..\tmp32dll\Debug/e_aes_cbc_hmac_sha1.obj
         .\..\..\tmp32dll\Debug/e_bf.obj
         .\..\..\tmp32dll\Debug/e_camellia.obj
         .\..\..\tmp32dll\Debug/e_cast.obj
         .\..\..\tmp32dll\Debug/e_des.obj
         .\..\..\tmp32dll\Debug/e_des3.obj
         .\..\..\tmp32dll\Debug/e_idea.obj
         .\..\..\tmp32dll\Debug/e_null.obj
         .\..\..\tmp32dll\Debug/e_old.obj
         .\..\..\tmp32dll\Debug/e_rc2.obj
         .\..\..\tmp32dll\Debug/e_rc4.obj
         .\..\..\tmp32dll\Debug/e_rc4_hmac_md5.obj
         .\..\..\tmp32dll\Debug/e_rc5.obj
         .\..\..\tmp32dll\Debug/e_seed.obj
         .\..\..\tmp32dll\Debug/e_xcbc_d.obj
         .\..\..\tmp32dll\Debug/encode.obj
         .\..\..\tmp32dll\Debug/evp_acnf.obj
         .\..\..\tmp32dll\Debug/evp_cnf.obj
         .\..\..\tmp32dll\Debug/evp_enc.obj
         .\..\..\tmp32dll\Debug/evp_err.obj
         .\..\..\tmp32dll\Debug/evp_key.obj
         .\..\..\tmp32dll\Debug/evp_lib.obj
         .\..\..\tmp32dll\Debug/evp_pbe.obj
         .\..\..\tmp32dll\Debug/evp_pkey.obj
         .\..\..\tmp32dll\Debug/m_dss.obj
         .\..\..\tmp32dll\Debug/m_dss1.obj
         .\..\..\tmp32dll\Debug/m_ecdsa.obj
         .\..\..\tmp32dll\Debug/m_md2.obj
         .\..\..\tmp32dll\Debug/m_md4.obj
         .\..\..\tmp32dll\Debug/m_md5.obj
         .\..\..\tmp32dll\Debug/m_mdc2.obj
         .\..\..\tmp32dll\Debug/m_null.obj
         .\..\..\tmp32dll\Debug/m_ripemd.obj
         .\..\..\tmp32dll\Debug/m_sha.obj
         .\..\..\tmp32dll\Debug/m_sha1.obj
         .\..\..\tmp32dll\Debug/m_sigver.obj
         .\..\..\tmp32dll\Debug/m_wp.obj
         .\..\..\tmp32dll\Debug/names.obj
         .\..\..\tmp32dll\Debug/p5_crpt.obj
         .\..\..\tmp32dll\Debug/p5_crpt2.obj
         .\..\..\tmp32dll\Debug/p_dec.obj
         .\..\..\tmp32dll\Debug/p_enc.obj
         .\..\..\tmp32dll\Debug/p_lib.obj
         .\..\..\tmp32dll\Debug/p_open.obj
         .\..\..\tmp32dll\Debug/p_seal.obj
         .\..\..\tmp32dll\Debug/p_sign.obj
         .\..\..\tmp32dll\Debug/p_verify.obj
         .\..\..\tmp32dll\Debug/pmeth_fn.obj
         .\..\..\tmp32dll\Debug/pmeth_gn.obj
         .\..\..\tmp32dll\Debug/pmeth_lib.obj
         .\..\..\tmp32dll\Debug/hm_ameth.obj
         .\..\..\tmp32dll\Debug/hm_pmeth.obj
         .\..\..\tmp32dll\Debug/hmac.obj
         .\..\..\tmp32dll\Debug/i_cbc.obj
         .\..\..\tmp32dll\Debug/i_cfb64.obj
         .\..\..\tmp32dll\Debug/i_ecb.obj
         .\..\..\tmp32dll\Debug/i_ofb64.obj
         .\..\..\tmp32dll\Debug/i_skey.obj
         .\..\..\tmp32dll\Debug/krb5_asn.obj
         .\..\..\tmp32dll\Debug/lh_stats.obj
         .\..\..\tmp32dll\Debug/lhash.obj
         .\..\..\tmp32dll\Debug/md2_dgst.obj
         .\..\..\tmp32dll\Debug/md2_one.obj
         .\..\..\tmp32dll\Debug/md4_dgst.obj
         .\..\..\tmp32dll\Debug/md4_one.obj
         .\..\..\tmp32dll\Debug/md5_dgst.obj
         .\..\..\tmp32dll\Debug/md5_one.obj
         .\..\..\tmp32dll\Debug/mdc2_one.obj
         .\..\..\tmp32dll\Debug/mdc2dgst.obj
         .\..\..\tmp32dll\Debug/cbc128.obj
         .\..\..\tmp32dll\Debug/ccm128.obj
         .\..\..\tmp32dll\Debug/cfb128.obj
         .\..\..\tmp32dll\Debug/ctr128.obj
         .\..\..\tmp32dll\Debug/cts128.obj
         .\..\..\tmp32dll\Debug/gcm128.obj
         .\..\..\tmp32dll\Debug/ofb128.obj
         .\..\..\tmp32dll\Debug/xts128.obj
         .\..\..\tmp32dll\Debug/uplink.obj
         .\..\..\tmp32dll\Debug/o_names.obj
         .\..\..\tmp32dll\Debug/obj_dat.obj
         .\..\..\tmp32dll\Debug/obj_err.obj
         .\..\..\tmp32dll\Debug/obj_lib.obj
         .\..\..\tmp32dll\Debug/obj_xref.obj
         .\..\..\tmp32dll\Debug/ocsp_asn.obj
         .\..\..\tmp32dll\Debug/ocsp_cl.obj
         .\..\..\tmp32dll\Debug/ocsp_err.obj
         .\..\..\tmp32dll\Debug/ocsp_ext.obj
         .\..\..\tmp32dll\Debug/ocsp_ht.obj
         .\..\..\tmp32dll\Debug/ocsp_lib.obj
         .\..\..\tmp32dll\Debug/ocsp_prn.obj
         .\..\..\tmp32dll\Debug/ocsp_srv.obj
         .\..\..\tmp32dll\Debug/ocsp_vfy.obj
         .\..\..\tmp32dll\Debug/pem_all.obj
         .\..\..\tmp32dll\Debug/pem_err.obj
         .\..\..\tmp32dll\Debug/pem_info.obj
         .\..\..\tmp32dll\Debug/pem_lib.obj
         .\..\..\tmp32dll\Debug/pem_oth.obj
         .\..\..\tmp32dll\Debug/pem_pk8.obj
         .\..\..\tmp32dll\Debug/pem_pkey.obj
         .\..\..\tmp32dll\Debug/pem_seal.obj
         .\..\..\tmp32dll\Debug/pem_sign.obj
         .\..\..\tmp32dll\Debug/pem_x509.obj
         .\..\..\tmp32dll\Debug/pem_xaux.obj
         .\..\..\tmp32dll\Debug/pvkfmt.obj
         .\..\..\tmp32dll\Debug/bio_pk7.obj
         .\..\..\tmp32dll\Debug/pk7_asn1.obj
         .\..\..\tmp32dll\Debug/pk7_attr.obj
         .\..\..\tmp32dll\Debug/pk7_doit.obj
         .\..\..\tmp32dll\Debug/pk7_lib.obj
         .\..\..\tmp32dll\Debug/pk7_mime.obj
         .\..\..\tmp32dll\Debug/pk7_smime.obj
         .\..\..\tmp32dll\Debug/pkcs7err.obj
         .\..\..\tmp32dll\Debug/p12_add.obj
         .\..\..\tmp32dll\Debug/p12_asn.obj
         .\..\..\tmp32dll\Debug/p12_attr.obj
         .\..\..\tmp32dll\Debug/p12_crpt.obj
         .\..\..\tmp32dll\Debug/p12_crt.obj
         .\..\..\tmp32dll\Debug/p12_decr.obj
         .\..\..\tmp32dll\Debug/p12_init.obj
         .\..\..\tmp32dll\Debug/p12_key.obj
         .\..\..\tmp32dll\Debug/p12_kiss.obj
         .\..\..\tmp32dll\Debug/p12_mutl.obj
         .\..\..\tmp32dll\Debug/p12_npas.obj
         .\..\..\tmp32dll\Debug/p12_p8d.obj
         .\..\..\tmp32dll\Debug/p12_p8e.obj
         .\..\..\tmp32dll\Debug/p12_utl.obj
         .\..\..\tmp32dll\Debug/pk12err.obj
         .\..\..\tmp32dll\Debug/pqueue.obj
         .\..\..\tmp32dll\Debug/md_rand.obj
         .\..\..\tmp32dll\Debug/rand_egd.obj
         .\..\..\tmp32dll\Debug/rand_err.obj
         .\..\..\tmp32dll\Debug/rand_lib.obj
         .\..\..\tmp32dll\Debug/rand_nw.obj
         .\..\..\tmp32dll\Debug/rand_os2.obj
         .\..\..\tmp32dll\Debug/rand_unix.obj
         .\..\..\tmp32dll\Debug/rand_win.obj
         .\..\..\tmp32dll\Debug/randfile.obj
         .\..\..\tmp32dll\Debug/rc2_cbc.obj
         .\..\..\tmp32dll\Debug/rc2_ecb.obj
         .\..\..\tmp32dll\Debug/rc2_skey.obj
         .\..\..\tmp32dll\Debug/rc2cfb64.obj
         .\..\..\tmp32dll\Debug/rc2ofb64.obj
         .\..\..\tmp32dll\Debug/rc4_enc.obj
         .\..\..\tmp32dll\Debug/rc4_skey.obj
         .\..\..\tmp32dll\Debug/rc4_utl.obj
         .\..\..\tmp32dll\Debug/rc5_ecb.obj
         .\..\..\tmp32dll\Debug/rc5_enc.obj
         .\..\..\tmp32dll\Debug/rc5_skey.obj
         .\..\..\tmp32dll\Debug/rc5cfb64.obj
         .\..\..\tmp32dll\Debug/rc5ofb64.obj
         .\..\..\tmp32dll\Debug/rmd_dgst.obj
         .\..\..\tmp32dll\Debug/rmd_one.obj
         .\..\..\tmp32dll\Debug/rsa_ameth.obj
         .\..\..\tmp32dll\Debug/rsa_asn1.obj
         .\..\..\tmp32dll\Debug/rsa_chk.obj
         .\..\..\tmp32dll\Debug/rsa_crpt.obj
         .\..\..\tmp32dll\Debug/rsa_depr.obj
         .\..\..\tmp32dll\Debug/rsa_eay.obj
         .\..\..\tmp32dll\Debug/rsa_err.obj
         .\..\..\tmp32dll\Debug/rsa_gen.obj
         .\..\..\tmp32dll\Debug/rsa_lib.obj
         .\..\..\tmp32dll\Debug/rsa_none.obj
         .\..\..\tmp32dll\Debug/rsa_null.obj
         .\..\..\tmp32dll\Debug/rsa_oaep.obj
         .\..\..\tmp32dll\Debug/rsa_pk1.obj
         .\..\..\tmp32dll\Debug/rsa_pmeth.obj
         .\..\..\tmp32dll\Debug/rsa_prn.obj
         .\..\..\tmp32dll\Debug/rsa_pss.obj
         .\..\..\tmp32dll\Debug/rsa_saos.obj
         .\..\..\tmp32dll\Debug/rsa_sign.obj
         .\..\..\tmp32dll\Debug/rsa_ssl.obj
         .\..\..\tmp32dll\Debug/rsa_x931.obj
         .\..\..\tmp32dll\Debug/seed.obj
         .\..\..\tmp32dll\Debug/seed_cbc.obj
         .\..\..\tmp32dll\Debug/seed_cfb.obj
         .\..\..\tmp32dll\Debug/seed_ecb.obj
         .\..\..\tmp32dll\Debug/seed_ofb.obj
         .\..\..\tmp32dll\Debug/sha1_one.obj
         .\..\..\tmp32dll\Debug/sha1dgst.obj
         .\..\..\tmp32dll\Debug/sha256.obj
         .\..\..\tmp32dll\Debug/sha512.obj
         .\..\..\tmp32dll\Debug/sha_dgst.obj
         .\..\..\tmp32dll\Debug/sha_one.obj
         .\..\..\tmp32dll\Debug/srp_lib.obj
         .\..\..\tmp32dll\Debug/srp_vfy.obj
         .\..\..\tmp32dll\Debug/stack.obj
         .\..\..\tmp32dll\Debug/ts_asn1.obj
         .\..\..\tmp32dll\Debug/ts_conf.obj
         .\..\..\tmp32dll\Debug/ts_err.obj
         .\..\..\tmp32dll\Debug/ts_lib.obj
         .\..\..\tmp32dll\Debug/ts_req_print.obj
         .\..\..\tmp32dll\Debug/ts_req_utils.obj
         .\..\..\tmp32dll\Debug/ts_rsp_print.obj
         .\..\..\tmp32dll\Debug/ts_rsp_sign.obj
         .\..\..\tmp32dll\Debug/ts_rsp_utils.obj
         .\..\..\tmp32dll\Debug/ts_rsp_verify.obj
         .\..\..\tmp32dll\Debug/ts_verify_ctx.obj
         .\..\..\tmp32dll\Debug/txt_db.obj
         .\..\..\tmp32dll\Debug/ui_compat.obj
         .\..\..\tmp32dll\Debug/ui_err.obj
         .\..\..\tmp32dll\Debug/ui_lib.obj
         .\..\..\tmp32dll\Debug/ui_openssl.obj
         .\..\..\tmp32dll\Debug/ui_util.obj
         .\..\..\tmp32dll\Debug/wp_block.obj
         .\..\..\tmp32dll\Debug/wp_dgst.obj
         .\..\..\tmp32dll\Debug/by_dir.obj
         .\..\..\tmp32dll\Debug/by_file.obj
         .\..\..\tmp32dll\Debug/x509_att.obj
         .\..\..\tmp32dll\Debug/x509_cmp.obj
         .\..\..\tmp32dll\Debug/x509_d2.obj
         .\..\..\tmp32dll\Debug/x509_def.obj
         .\..\..\tmp32dll\Debug/x509_err.obj
         .\..\..\tmp32dll\Debug/x509_ext.obj
         .\..\..\tmp32dll\Debug/x509_lu.obj
         .\..\..\tmp32dll\Debug/x509_obj.obj
         .\..\..\tmp32dll\Debug/x509_r2x.obj
         .\..\..\tmp32dll\Debug/x509_req.obj
         .\..\..\tmp32dll\Debug/x509_set.obj
         .\..\..\tmp32dll\Debug/x509_trs.obj
         .\..\..\tmp32dll\Debug/x509_txt.obj
         .\..\..\tmp32dll\Debug/x509_v3.obj
         .\..\..\tmp32dll\Debug/x509_vfy.obj
         .\..\..\tmp32dll\Debug/x509_vpm.obj
         .\..\..\tmp32dll\Debug/x509cset.obj
         .\..\..\tmp32dll\Debug/x509name.obj
         .\..\..\tmp32dll\Debug/x509rset.obj
         .\..\..\tmp32dll\Debug/x509spki.obj
         .\..\..\tmp32dll\Debug/x509type.obj
         .\..\..\tmp32dll\Debug/x_all.obj
         .\..\..\tmp32dll\Debug/pcy_cache.obj
         .\..\..\tmp32dll\Debug/pcy_data.obj
         .\..\..\tmp32dll\Debug/pcy_lib.obj
         .\..\..\tmp32dll\Debug/pcy_map.obj
         .\..\..\tmp32dll\Debug/pcy_node.obj
         .\..\..\tmp32dll\Debug/pcy_tree.obj
         .\..\..\tmp32dll\Debug/v3_addr.obj
         .\..\..\tmp32dll\Debug/v3_akey.obj
         .\..\..\tmp32dll\Debug/v3_akeya.obj
         .\..\..\tmp32dll\Debug/v3_alt.obj
         .\..\..\tmp32dll\Debug/v3_asid.obj
         .\..\..\tmp32dll\Debug/v3_bcons.obj
         .\..\..\tmp32dll\Debug/v3_bitst.obj
         .\..\..\tmp32dll\Debug/v3_conf.obj
         .\..\..\tmp32dll\Debug/v3_cpols.obj
         .\..\..\tmp32dll\Debug/v3_crld.obj
         .\..\..\tmp32dll\Debug/v3_enum.obj
         .\..\..\tmp32dll\Debug/v3_extku.obj
         .\..\..\tmp32dll\Debug/v3_genn.obj
         .\..\..\tmp32dll\Debug/v3_ia5.obj
         .\..\..\tmp32dll\Debug/v3_info.obj
         .\..\..\tmp32dll\Debug/v3_int.obj
         .\..\..\tmp32dll\Debug/v3_lib.obj
         .\..\..\tmp32dll\Debug/v3_ncons.obj
         .\..\..\tmp32dll\Debug/v3_ocsp.obj
         .\..\..\tmp32dll\Debug/v3_pci.obj
         .\..\..\tmp32dll\Debug/v3_pcia.obj
         .\..\..\tmp32dll\Debug/v3_pcons.obj
         .\..\..\tmp32dll\Debug/v3_pku.obj
         .\..\..\tmp32dll\Debug/v3_pmaps.obj
         .\..\..\tmp32dll\Debug/v3_prn.obj
         .\..\..\tmp32dll\Debug/v3_purp.obj
         .\..\..\tmp32dll\Debug/v3_skey.obj
         .\..\..\tmp32dll\Debug/v3_sxnet.obj
         .\..\..\tmp32dll\Debug/v3_utl.obj
         .\..\..\tmp32dll\Debug/v3err.obj
         .\..\..\tmp32dll\Debug/app_rand.obj
         .\..\..\tmp32dll\Debug/apps.obj
         .\..\..\tmp32dll\Debug/cpt_err.obj
         .\..\..\tmp32dll\Debug/cryptlib.obj
         .\..\..\tmp32dll\Debug/cversion.obj
         .\..\..\tmp32dll\Debug/ebcdic.obj
         .\..\..\tmp32dll\Debug/ex_data.obj
         .\..\..\tmp32dll\Debug/mem.obj
         .\..\..\tmp32dll\Debug/mem_clr.obj
         .\..\..\tmp32dll\Debug/mem_dbg.obj
         .\..\..\tmp32dll\Debug/o_dir.obj
         .\..\..\tmp32dll\Debug/o_fips.obj
         .\..\..\tmp32dll\Debug/o_init.obj
         .\..\..\tmp32dll\Debug/o_str.obj
         .\..\..\tmp32dll\Debug/o_time.obj
         .\..\..\tmp32dll\Debug/reqa.obj
         .\..\..\tmp32dll\Debug/uid.obj
            Creating library .\..\..\out32dll\Debug/libeay32.lib and object .\..\..\out32dll\Debug/libeay32.exp
         libeay32.vcxproj -> F:\x\openssl\OpenSSL VS_Project\openssl-1.0.1g_VS2008\MSVC\libeay32\.\..\..\out32dll\Debug\libeay32.dll
     1>Done Building Project "F:\x\openssl\OpenSSL VS_Project\openssl-1.0.1g_VS2008\MSVC\libeay32\libeay32.vcxproj" (Build target(s)).

Build succeeded.

Time Elapsed 00:00:07.59
