Build started 2017/3/8 星期三 23:49:57.
     1>Project "F:\x\openssl\OpenSSL VS_Project\openssl-1.0.1g_VS2008\MSVC\libeay32\libeay32.vcxproj" on node 2 (Build target(s)).
     1>ClCompile:
         C:\Program Files\Microsoft Visual Studio 11.0\VC\bin\CL.exe /c /I..\..\include /I..\.. /I..\..\Crypto /I..\..\Crypto\asn1 /I..\..\Crypto\evp /I..\..\Crypto\modes /Zi /nologo /W3 /WX- /O2 /Ob2 /Oy- /D _WINDOWS /D MK1MF_BUILD /D WIN32 /D WIN32_LEAN_AND_MEAN /D OPENSSL_SYSNAME_WIN32 /D OPENSSL_THREADS /D DSO_WIN32 /D OPENSSL_USE_APPLINK /D OPENSSL_NO_STATIC_ENGINE /D _VC80_UPGRADE=0x0600 /D _WINDLL /GF /Gm- /EHsc /MD /GS /Gy /fp:precise /Zc:wchar_t /Zc:forScope /Fo".\..\..\tmp32dll\Release/" /Fd".\..\..\tmp32dll\Release/vc110.pdb" /Gd /TC /analyze- /errorReport:prompt ..\..\apps\apps.c
         apps.c
     1>..\..\apps\apps.c(655): warning C4996: 'getenv': This function or variable may be unsafe. Consider using _dupenv_s instead. To disable deprecation, use _CRT_SECURE_NO_WARNINGS. See online help for details.
                 C:\Program Files\Microsoft Visual Studio 11.0\VC\include\stdlib.h(449) : see declaration of 'getenv'
     1>..\..\apps\apps.c(2326): warning C4996: 'sscanf': This function or variable may be unsafe. Consider using sscanf_s instead. To disable deprecation, use _CRT_SECURE_NO_WARNINGS. See online help for details.
                 C:\Program Files\Microsoft Visual Studio 11.0\VC\include\stdio.h(311) : see declaration of 'sscanf'
       Link:
         C:\Program Files\Microsoft Visual Studio 11.0\VC\bin\link.exe /ERRORREPORT:PROMPT /OUT:".\..\..\out32dll\Release/libeay32.dll" /INCREMENTAL:NO /NOLOGO ws2_32.lib Gdi32.lib Advapi32.lib kernel32.lib user32.lib gdi32.lib winspool.lib comdlg32.lib advapi32.lib shell32.lib ole32.lib oleaut32.lib uuid.lib odbc32.lib odbccp32.lib /DEF:"..\..\ms\libeay32.def" /MANIFEST /MANIFESTUAC:"level='asInvoker' uiAccess='false'" /manifest:embed /PDB:".\..\..\out32dll\Release/libeay32.pdb" /SUBSYSTEM:WINDOWS /TLBID:1 /DYNAMICBASE:NO /IMPLIB:".\..\..\out32dll\Release/libeay32.lib" /MACHINE:X86 /SAFESEH /DLL .\..\..\tmp32dll\Release/aes_cbc.obj
         .\..\..\tmp32dll\Release/aes_cfb.obj
         .\..\..\tmp32dll\Release/aes_core.obj
         .\..\..\tmp32dll\Release/aes_ctr.obj
         .\..\..\tmp32dll\Release/aes_ecb.obj
         .\..\..\tmp32dll\Release/aes_ige.obj
         .\..\..\tmp32dll\Release/aes_misc.obj
         .\..\..\tmp32dll\Release/aes_ofb.obj
         .\..\..\tmp32dll\Release/aes_wrap.obj
         .\..\..\tmp32dll\Release/a_bitstr.obj
         .\..\..\tmp32dll\Release/a_bool.obj
         .\..\..\tmp32dll\Release/a_bytes.obj
         .\..\..\tmp32dll\Release/a_d2i_fp.obj
         .\..\..\tmp32dll\Release/a_digest.obj
         .\..\..\tmp32dll\Release/a_dup.obj
         .\..\..\tmp32dll\Release/a_enum.obj
         .\..\..\tmp32dll\Release/a_gentm.obj
         .\..\..\tmp32dll\Release/a_i2d_fp.obj
         .\..\..\tmp32dll\Release/a_int.obj
         .\..\..\tmp32dll\Release/a_mbstr.obj
         .\..\..\tmp32dll\Release/a_object.obj
         .\..\..\tmp32dll\Release/a_octet.obj
         .\..\..\tmp32dll\Release/a_print.obj
         .\..\..\tmp32dll\Release/a_set.obj
         .\..\..\tmp32dll\Release/a_sign.obj
         .\..\..\tmp32dll\Release/a_strex.obj
         .\..\..\tmp32dll\Release/a_strnid.obj
         .\..\..\tmp32dll\Release/a_time.obj
         .\..\..\tmp32dll\Release/a_type.obj
         .\..\..\tmp32dll\Release/a_utctm.obj
         .\..\..\tmp32dll\Release/a_utf8.obj
         .\..\..\tmp32dll\Release/a_verify.obj
         .\..\..\tmp32dll\Release/ameth_lib.obj
         .\..\..\tmp32dll\Release/asn1_err.obj
         .\..\..\tmp32dll\Release/asn1_gen.obj
         .\..\..\tmp32dll\Release/asn1_lib.obj
         .\..\..\tmp32dll\Release/asn1_par.obj
         .\..\..\tmp32dll\Release/asn_mime.obj
         .\..\..\tmp32dll\Release/asn_moid.obj
         .\..\..\tmp32dll\Release/asn_pack.obj
         .\..\..\tmp32dll\Release/bio_asn1.obj
         .\..\..\tmp32dll\Release/bio_ndef.obj
         .\..\..\tmp32dll\Release/d2i_pr.obj
         .\..\..\tmp32dll\Release/d2i_pu.obj
         .\..\..\tmp32dll\Release/evp_asn1.obj
         .\..\..\tmp32dll\Release/f_enum.obj
         .\..\..\tmp32dll\Release/f_int.obj
         .\..\..\tmp32dll\Release/f_string.obj
         .\..\..\tmp32dll\Release/i2d_pr.obj
         .\..\..\tmp32dll\Release/i2d_pu.obj
         .\..\..\tmp32dll\Release/n_pkey.obj
         .\..\..\tmp32dll\Release/nsseq.obj
         .\..\..\tmp32dll\Release/p5_pbe.obj
         .\..\..\tmp32dll\Release/p5_pbev2.obj
         .\..\..\tmp32dll\Release/p8_pkey.obj
         .\..\..\tmp32dll\Release/t_bitst.obj
         .\..\..\tmp32dll\Release/t_crl.obj
         .\..\..\tmp32dll\Release/t_pkey.obj
         .\..\..\tmp32dll\Release/t_req.obj
         .\..\..\tmp32dll\Release/t_spki.obj
         .\..\..\tmp32dll\Release/t_x509.obj
         .\..\..\tmp32dll\Release/t_x509a.obj
         .\..\..\tmp32dll\Release/tasn_dec.obj
         .\..\..\tmp32dll\Release/tasn_enc.obj
         .\..\..\tmp32dll\Release/tasn_fre.obj
         .\..\..\tmp32dll\Release/tasn_new.obj
         .\..\..\tmp32dll\Release/tasn_prn.obj
         .\..\..\tmp32dll\Release/tasn_typ.obj
         .\..\..\tmp32dll\Release/tasn_utl.obj
         .\..\..\tmp32dll\Release/x_algor.obj
         .\..\..\tmp32dll\Release/x_attrib.obj
         .\..\..\tmp32dll\Release/x_bignum.obj
         .\..\..\tmp32dll\Release/x_crl.obj
         .\..\..\tmp32dll\Release/x_exten.obj
         .\..\..\tmp32dll\Release/x_info.obj
         .\..\..\tmp32dll\Release/x_long.obj
         .\..\..\tmp32dll\Release/x_name.obj
         .\..\..\tmp32dll\Release/x_nx509.obj
         .\..\..\tmp32dll\Release/x_pkey.obj
         .\..\..\tmp32dll\Release/x_pubkey.obj
         .\..\..\tmp32dll\Release/x_req.obj
         .\..\..\tmp32dll\Release/x_sig.obj
         .\..\..\tmp32dll\Release/x_spki.obj
         .\..\..\tmp32dll\Release/x_val.obj
         .\..\..\tmp32dll\Release/x_x509.obj
         .\..\..\tmp32dll\Release/x_x509a.obj
         .\..\..\tmp32dll\Release/bf_cfb64.obj
         .\..\..\tmp32dll\Release/bf_ecb.obj
         .\..\..\tmp32dll\Release/bf_enc.obj
         .\..\..\tmp32dll\Release/bf_ofb64.obj
         .\..\..\tmp32dll\Release/bf_skey.obj
         .\..\..\tmp32dll\Release/b_dump.obj
         .\..\..\tmp32dll\Release/b_print.obj
         .\..\..\tmp32dll\Release/b_sock.obj
         .\..\..\tmp32dll\Release/bf_buff.obj
         .\..\..\tmp32dll\Release/bf_nbio.obj
         .\..\..\tmp32dll\Release/bf_null.obj
         .\..\..\tmp32dll\Release/bio_cb.obj
         .\..\..\tmp32dll\Release/bio_err.obj
         .\..\..\tmp32dll\Release/bio_lib.obj
         .\..\..\tmp32dll\Release/bss_acpt.obj
         .\..\..\tmp32dll\Release/bss_bio.obj
         .\..\..\tmp32dll\Release/bss_conn.obj
         .\..\..\tmp32dll\Release/bss_dgram.obj
         .\..\..\tmp32dll\Release/bss_fd.obj
         .\..\..\tmp32dll\Release/bss_file.obj
         .\..\..\tmp32dll\Release/bss_log.obj
         .\..\..\tmp32dll\Release/bss_mem.obj
         .\..\..\tmp32dll\Release/bss_null.obj
         .\..\..\tmp32dll\Release/bss_sock.obj
         .\..\..\tmp32dll\Release/bn_add.obj
         .\..\..\tmp32dll\Release/bn_asm.obj
         .\..\..\tmp32dll\Release/bn_blind.obj
         .\..\..\tmp32dll\Release/bn_const.obj
         .\..\..\tmp32dll\Release/bn_ctx.obj
         .\..\..\tmp32dll\Release/bn_depr.obj
         .\..\..\tmp32dll\Release/bn_div.obj
         .\..\..\tmp32dll\Release/bn_err.obj
         .\..\..\tmp32dll\Release/bn_exp.obj
         .\..\..\tmp32dll\Release/bn_exp2.obj
         .\..\..\tmp32dll\Release/bn_gcd.obj
         .\..\..\tmp32dll\Release/bn_gf2m.obj
         .\..\..\tmp32dll\Release/bn_kron.obj
         .\..\..\tmp32dll\Release/bn_lib.obj
         .\..\..\tmp32dll\Release/bn_mod.obj
         .\..\..\tmp32dll\Release/bn_mont.obj
         .\..\..\tmp32dll\Release/bn_mpi.obj
         .\..\..\tmp32dll\Release/bn_mul.obj
         .\..\..\tmp32dll\Release/bn_nist.obj
         .\..\..\tmp32dll\Release/bn_prime.obj
         .\..\..\tmp32dll\Release/bn_print.obj
         .\..\..\tmp32dll\Release/bn_rand.obj
         .\..\..\tmp32dll\Release/bn_recp.obj
         .\..\..\tmp32dll\Release/bn_shift.obj
         .\..\..\tmp32dll\Release/bn_sqr.obj
         .\..\..\tmp32dll\Release/bn_sqrt.obj
         .\..\..\tmp32dll\Release/bn_word.obj
         .\..\..\tmp32dll\Release/bn_x931p.obj
         .\..\..\tmp32dll\Release/buf_err.obj
         .\..\..\tmp32dll\Release/buf_str.obj
         .\..\..\tmp32dll\Release/buffer.obj
         .\..\..\tmp32dll\Release/camellia.obj
         .\..\..\tmp32dll\Release/cmll_cbc.obj
         .\..\..\tmp32dll\Release/cmll_cfb.obj
         .\..\..\tmp32dll\Release/cmll_ctr.obj
         .\..\..\tmp32dll\Release/cmll_ecb.obj
         .\..\..\tmp32dll\Release/cmll_misc.obj
         .\..\..\tmp32dll\Release/cmll_ofb.obj
         .\..\..\tmp32dll\Release/cmll_utl.obj
         .\..\..\tmp32dll\Release/c_cfb64.obj
         .\..\..\tmp32dll\Release/c_ecb.obj
         .\..\..\tmp32dll\Release/c_enc.obj
         .\..\..\tmp32dll\Release/c_ofb64.obj
         .\..\..\tmp32dll\Release/c_skey.obj
         .\..\..\tmp32dll\Release/cm_ameth.obj
         .\..\..\tmp32dll\Release/cm_pmeth.obj
         .\..\..\tmp32dll\Release/cmac.obj
         .\..\..\tmp32dll\Release/cms_asn1.obj
         .\..\..\tmp32dll\Release/cms_att.obj
         .\..\..\tmp32dll\Release/cms_cd.obj
         .\..\..\tmp32dll\Release/cms_dd.obj
         .\..\..\tmp32dll\Release/cms_enc.obj
         .\..\..\tmp32dll\Release/cms_env.obj
         .\..\..\tmp32dll\Release/cms_err.obj
         .\..\..\tmp32dll\Release/cms_ess.obj
         .\..\..\tmp32dll\Release/cms_io.obj
         .\..\..\tmp32dll\Release/cms_lib.obj
         .\..\..\tmp32dll\Release/cms_pwri.obj
         .\..\..\tmp32dll\Release/cms_sd.obj
         .\..\..\tmp32dll\Release/cms_smime.obj
         .\..\..\tmp32dll\Release/c_rle.obj
         .\..\..\tmp32dll\Release/c_zlib.obj
         .\..\..\tmp32dll\Release/comp_err.obj
         .\..\..\tmp32dll\Release/comp_lib.obj
         .\..\..\tmp32dll\Release/conf_api.obj
         .\..\..\tmp32dll\Release/conf_def.obj
         .\..\..\tmp32dll\Release/conf_err.obj
         .\..\..\tmp32dll\Release/conf_lib.obj
         .\..\..\tmp32dll\Release/conf_mall.obj
         .\..\..\tmp32dll\Release/conf_mod.obj
         .\..\..\tmp32dll\Release/conf_sap.obj
         .\..\..\tmp32dll\Release/cbc_cksm.obj
         .\..\..\tmp32dll\Release/cbc_enc.obj
         .\..\..\tmp32dll\Release/cfb64ede.obj
         .\..\..\tmp32dll\Release/cfb64enc.obj
         .\..\..\tmp32dll\Release/cfb_enc.obj
         .\..\..\tmp32dll\Release/des_enc.obj
         .\..\..\tmp32dll\Release/des_old.obj
         .\..\..\tmp32dll\Release/des_old2.obj
         .\..\..\tmp32dll\Release/ecb3_enc.obj
         .\..\..\tmp32dll\Release/ecb_enc.obj
         .\..\..\tmp32dll\Release/ede_cbcm_enc.obj
         .\..\..\tmp32dll\Release/enc_read.obj
         .\..\..\tmp32dll\Release/enc_writ.obj
         .\..\..\tmp32dll\Release/fcrypt.obj
         .\..\..\tmp32dll\Release/fcrypt_b.obj
         .\..\..\tmp32dll\Release/ofb64ede.obj
         .\..\..\tmp32dll\Release/ofb64enc.obj
         .\..\..\tmp32dll\Release/ofb_enc.obj
         .\..\..\tmp32dll\Release/pcbc_enc.obj
         .\..\..\tmp32dll\Release/qud_cksm.obj
         .\..\..\tmp32dll\Release/rand_key.obj
         .\..\..\tmp32dll\Release/read2pwd.obj
         .\..\..\tmp32dll\Release/rpc_enc.obj
         .\..\..\tmp32dll\Release/set_key.obj
         .\..\..\tmp32dll\Release/str2key.obj
         .\..\..\tmp32dll\Release/xcbc_enc.obj
         .\..\..\tmp32dll\Release/dh_ameth.obj
         .\..\..\tmp32dll\Release/dh_asn1.obj
         .\..\..\tmp32dll\Release/dh_check.obj
         .\..\..\tmp32dll\Release/dh_depr.obj
         .\..\..\tmp32dll\Release/dh_err.obj
         .\..\..\tmp32dll\Release/dh_gen.obj
         .\..\..\tmp32dll\Release/dh_key.obj
         .\..\..\tmp32dll\Release/dh_lib.obj
         .\..\..\tmp32dll\Release/dh_pmeth.obj
         .\..\..\tmp32dll\Release/dh_prn.obj
         .\..\..\tmp32dll\Release/dsa_ameth.obj
         .\..\..\tmp32dll\Release/dsa_asn1.obj
         .\..\..\tmp32dll\Release/dsa_depr.obj
         .\..\..\tmp32dll\Release/dsa_err.obj
         .\..\..\tmp32dll\Release/dsa_gen.obj
         .\..\..\tmp32dll\Release/dsa_key.obj
         .\..\..\tmp32dll\Release/dsa_lib.obj
         .\..\..\tmp32dll\Release/dsa_ossl.obj
         .\..\..\tmp32dll\Release/dsa_pmeth.obj
         .\..\..\tmp32dll\Release/dsa_prn.obj
         .\..\..\tmp32dll\Release/dsa_sign.obj
         .\..\..\tmp32dll\Release/dsa_vrf.obj
         .\..\..\tmp32dll\Release/dso_beos.obj
         .\..\..\tmp32dll\Release/dso_dl.obj
         .\..\..\tmp32dll\Release/dso_dlfcn.obj
         .\..\..\tmp32dll\Release/dso_err.obj
         .\..\..\tmp32dll\Release/dso_lib.obj
         .\..\..\tmp32dll\Release/dso_null.obj
         .\..\..\tmp32dll\Release/dso_openssl.obj
         .\..\..\tmp32dll\Release/dso_vms.obj
         .\..\..\tmp32dll\Release/dso_win32.obj
         .\..\..\tmp32dll\Release/ec2_mult.obj
         .\..\..\tmp32dll\Release/ec2_oct.obj
         .\..\..\tmp32dll\Release/ec2_smpl.obj
         .\..\..\tmp32dll\Release/ec_ameth.obj
         .\..\..\tmp32dll\Release/ec_asn1.obj
         .\..\..\tmp32dll\Release/ec_check.obj
         .\..\..\tmp32dll\Release/ec_curve.obj
         .\..\..\tmp32dll\Release/ec_cvt.obj
         .\..\..\tmp32dll\Release/ec_err.obj
         .\..\..\tmp32dll\Release/ec_key.obj
         .\..\..\tmp32dll\Release/ec_lib.obj
         .\..\..\tmp32dll\Release/ec_mult.obj
         .\..\..\tmp32dll\Release/ec_oct.obj
         .\..\..\tmp32dll\Release/ec_pmeth.obj
         .\..\..\tmp32dll\Release/ec_print.obj
         .\..\..\tmp32dll\Release/eck_prn.obj
         .\..\..\tmp32dll\Release/ecp_mont.obj
         .\..\..\tmp32dll\Release/ecp_nist.obj
         .\..\..\tmp32dll\Release/ecp_oct.obj
         .\..\..\tmp32dll\Release/ecp_smpl.obj
         .\..\..\tmp32dll\Release/ech_err.obj
         .\..\..\tmp32dll\Release/ech_key.obj
         .\..\..\tmp32dll\Release/ech_lib.obj
         .\..\..\tmp32dll\Release/ech_ossl.obj
         .\..\..\tmp32dll\Release/ecs_asn1.obj
         .\..\..\tmp32dll\Release/ecs_err.obj
         .\..\..\tmp32dll\Release/ecs_lib.obj
         .\..\..\tmp32dll\Release/ecs_ossl.obj
         .\..\..\tmp32dll\Release/ecs_sign.obj
         .\..\..\tmp32dll\Release/ecs_vrf.obj
         .\..\..\tmp32dll\Release/eng_all.obj
         .\..\..\tmp32dll\Release/eng_cnf.obj
         .\..\..\tmp32dll\Release/eng_cryptodev.obj
         .\..\..\tmp32dll\Release/eng_ctrl.obj
         .\..\..\tmp32dll\Release/eng_dyn.obj
         .\..\..\tmp32dll\Release/eng_err.obj
         .\..\..\tmp32dll\Release/eng_fat.obj
         .\..\..\tmp32dll\Release/eng_init.obj
         .\..\..\tmp32dll\Release/eng_lib.obj
         .\..\..\tmp32dll\Release/eng_list.obj
         .\..\..\tmp32dll\Release/eng_openssl.obj
         .\..\..\tmp32dll\Release/eng_pkey.obj
         .\..\..\tmp32dll\Release/eng_rdrand.obj
         .\..\..\tmp32dll\Release/eng_rsax.obj
         .\..\..\tmp32dll\Release/eng_table.obj
         .\..\..\tmp32dll\Release/tb_asnmth.obj
         .\..\..\tmp32dll\Release/tb_cipher.obj
         .\..\..\tmp32dll\Release/tb_dh.obj
         .\..\..\tmp32dll\Release/tb_digest.obj
         .\..\..\tmp32dll\Release/tb_dsa.obj
         .\..\..\tmp32dll\Release/tb_ecdh.obj
         .\..\..\tmp32dll\Release/tb_ecdsa.obj
         .\..\..\tmp32dll\Release/tb_pkmeth.obj
         .\..\..\tmp32dll\Release/tb_rand.obj
         .\..\..\tmp32dll\Release/tb_rsa.obj
         .\..\..\tmp32dll\Release/tb_store.obj
         .\..\..\tmp32dll\Release/err.obj
         .\..\..\tmp32dll\Release/err_all.obj
         .\..\..\tmp32dll\Release/err_prn.obj
         .\..\..\tmp32dll\Release/bio_b64.obj
         .\..\..\tmp32dll\Release/bio_enc.obj
         .\..\..\tmp32dll\Release/bio_md.obj
         .\..\..\tmp32dll\Release/bio_ok.obj
         .\..\..\tmp32dll\Release/c_all.obj
         .\..\..\tmp32dll\Release/c_allc.obj
         .\..\..\tmp32dll\Release/c_alld.obj
         .\..\..\tmp32dll\Release/digest.obj
         .\..\..\tmp32dll\Release/e_aes.obj
         .\..\..\tmp32dll\Release/e_aes_cbc_hmac_sha1.obj
         .\..\..\tmp32dll\Release/e_bf.obj
         .\..\..\tmp32dll\Release/e_camellia.obj
         .\..\..\tmp32dll\Release/e_cast.obj
         .\..\..\tmp32dll\Release/e_des.obj
         .\..\..\tmp32dll\Release/e_des3.obj
         .\..\..\tmp32dll\Release/e_idea.obj
         .\..\..\tmp32dll\Release/e_null.obj
         .\..\..\tmp32dll\Release/e_old.obj
         .\..\..\tmp32dll\Release/e_rc2.obj
         .\..\..\tmp32dll\Release/e_rc4.obj
         .\..\..\tmp32dll\Release/e_rc4_hmac_md5.obj
         .\..\..\tmp32dll\Release/e_rc5.obj
         .\..\..\tmp32dll\Release/e_seed.obj
         .\..\..\tmp32dll\Release/e_xcbc_d.obj
         .\..\..\tmp32dll\Release/encode.obj
         .\..\..\tmp32dll\Release/evp_acnf.obj
         .\..\..\tmp32dll\Release/evp_cnf.obj
         .\..\..\tmp32dll\Release/evp_enc.obj
         .\..\..\tmp32dll\Release/evp_err.obj
         .\..\..\tmp32dll\Release/evp_key.obj
         .\..\..\tmp32dll\Release/evp_lib.obj
         .\..\..\tmp32dll\Release/evp_pbe.obj
         .\..\..\tmp32dll\Release/evp_pkey.obj
         .\..\..\tmp32dll\Release/m_dss.obj
         .\..\..\tmp32dll\Release/m_dss1.obj
         .\..\..\tmp32dll\Release/m_ecdsa.obj
         .\..\..\tmp32dll\Release/m_md2.obj
         .\..\..\tmp32dll\Release/m_md4.obj
         .\..\..\tmp32dll\Release/m_md5.obj
         .\..\..\tmp32dll\Release/m_mdc2.obj
         .\..\..\tmp32dll\Release/m_null.obj
         .\..\..\tmp32dll\Release/m_ripemd.obj
         .\..\..\tmp32dll\Release/m_sha.obj
         .\..\..\tmp32dll\Release/m_sha1.obj
         .\..\..\tmp32dll\Release/m_sigver.obj
         .\..\..\tmp32dll\Release/m_wp.obj
         .\..\..\tmp32dll\Release/names.obj
         .\..\..\tmp32dll\Release/p5_crpt.obj
         .\..\..\tmp32dll\Release/p5_crpt2.obj
         .\..\..\tmp32dll\Release/p_dec.obj
         .\..\..\tmp32dll\Release/p_enc.obj
         .\..\..\tmp32dll\Release/p_lib.obj
         .\..\..\tmp32dll\Release/p_open.obj
         .\..\..\tmp32dll\Release/p_seal.obj
         .\..\..\tmp32dll\Release/p_sign.obj
         .\..\..\tmp32dll\Release/p_verify.obj
         .\..\..\tmp32dll\Release/pmeth_fn.obj
         .\..\..\tmp32dll\Release/pmeth_gn.obj
         .\..\..\tmp32dll\Release/pmeth_lib.obj
         .\..\..\tmp32dll\Release/hm_ameth.obj
         .\..\..\tmp32dll\Release/hm_pmeth.obj
         .\..\..\tmp32dll\Release/hmac.obj
         .\..\..\tmp32dll\Release/i_cbc.obj
         .\..\..\tmp32dll\Release/i_cfb64.obj
         .\..\..\tmp32dll\Release/i_ecb.obj
         .\..\..\tmp32dll\Release/i_ofb64.obj
         .\..\..\tmp32dll\Release/i_skey.obj
         .\..\..\tmp32dll\Release/krb5_asn.obj
         .\..\..\tmp32dll\Release/lh_stats.obj
         .\..\..\tmp32dll\Release/lhash.obj
         .\..\..\tmp32dll\Release/md2_dgst.obj
         .\..\..\tmp32dll\Release/md2_one.obj
         .\..\..\tmp32dll\Release/md4_dgst.obj
         .\..\..\tmp32dll\Release/md4_one.obj
         .\..\..\tmp32dll\Release/md5_dgst.obj
         .\..\..\tmp32dll\Release/md5_one.obj
         .\..\..\tmp32dll\Release/mdc2_one.obj
         .\..\..\tmp32dll\Release/mdc2dgst.obj
         .\..\..\tmp32dll\Release/cbc128.obj
         .\..\..\tmp32dll\Release/ccm128.obj
         .\..\..\tmp32dll\Release/cfb128.obj
         .\..\..\tmp32dll\Release/ctr128.obj
         .\..\..\tmp32dll\Release/cts128.obj
         .\..\..\tmp32dll\Release/gcm128.obj
         .\..\..\tmp32dll\Release/ofb128.obj
         .\..\..\tmp32dll\Release/xts128.obj
         .\..\..\tmp32dll\Release/uplink.obj
         .\..\..\tmp32dll\Release/o_names.obj
         .\..\..\tmp32dll\Release/obj_dat.obj
         .\..\..\tmp32dll\Release/obj_err.obj
         .\..\..\tmp32dll\Release/obj_lib.obj
         .\..\..\tmp32dll\Release/obj_xref.obj
         .\..\..\tmp32dll\Release/ocsp_asn.obj
         .\..\..\tmp32dll\Release/ocsp_cl.obj
         .\..\..\tmp32dll\Release/ocsp_err.obj
         .\..\..\tmp32dll\Release/ocsp_ext.obj
         .\..\..\tmp32dll\Release/ocsp_ht.obj
         .\..\..\tmp32dll\Release/ocsp_lib.obj
         .\..\..\tmp32dll\Release/ocsp_prn.obj
         .\..\..\tmp32dll\Release/ocsp_srv.obj
         .\..\..\tmp32dll\Release/ocsp_vfy.obj
         .\..\..\tmp32dll\Release/pem_all.obj
         .\..\..\tmp32dll\Release/pem_err.obj
         .\..\..\tmp32dll\Release/pem_info.obj
         .\..\..\tmp32dll\Release/pem_lib.obj
         .\..\..\tmp32dll\Release/pem_oth.obj
         .\..\..\tmp32dll\Release/pem_pk8.obj
         .\..\..\tmp32dll\Release/pem_pkey.obj
         .\..\..\tmp32dll\Release/pem_seal.obj
         .\..\..\tmp32dll\Release/pem_sign.obj
         .\..\..\tmp32dll\Release/pem_x509.obj
         .\..\..\tmp32dll\Release/pem_xaux.obj
         .\..\..\tmp32dll\Release/pvkfmt.obj
         .\..\..\tmp32dll\Release/bio_pk7.obj
         .\..\..\tmp32dll\Release/pk7_asn1.obj
         .\..\..\tmp32dll\Release/pk7_attr.obj
         .\..\..\tmp32dll\Release/pk7_doit.obj
         .\..\..\tmp32dll\Release/pk7_lib.obj
         .\..\..\tmp32dll\Release/pk7_mime.obj
         .\..\..\tmp32dll\Release/pk7_smime.obj
         .\..\..\tmp32dll\Release/pkcs7err.obj
         .\..\..\tmp32dll\Release/p12_add.obj
         .\..\..\tmp32dll\Release/p12_asn.obj
         .\..\..\tmp32dll\Release/p12_attr.obj
         .\..\..\tmp32dll\Release/p12_crpt.obj
         .\..\..\tmp32dll\Release/p12_crt.obj
         .\..\..\tmp32dll\Release/p12_decr.obj
         .\..\..\tmp32dll\Release/p12_init.obj
         .\..\..\tmp32dll\Release/p12_key.obj
         .\..\..\tmp32dll\Release/p12_kiss.obj
         .\..\..\tmp32dll\Release/p12_mutl.obj
         .\..\..\tmp32dll\Release/p12_npas.obj
         .\..\..\tmp32dll\Release/p12_p8d.obj
         .\..\..\tmp32dll\Release/p12_p8e.obj
         .\..\..\tmp32dll\Release/p12_utl.obj
         .\..\..\tmp32dll\Release/pk12err.obj
         .\..\..\tmp32dll\Release/pqueue.obj
         .\..\..\tmp32dll\Release/md_rand.obj
         .\..\..\tmp32dll\Release/rand_egd.obj
         .\..\..\tmp32dll\Release/rand_err.obj
         .\..\..\tmp32dll\Release/rand_lib.obj
         .\..\..\tmp32dll\Release/rand_nw.obj
         .\..\..\tmp32dll\Release/rand_os2.obj
         .\..\..\tmp32dll\Release/rand_unix.obj
         .\..\..\tmp32dll\Release/rand_win.obj
         .\..\..\tmp32dll\Release/randfile.obj
         .\..\..\tmp32dll\Release/rc2_cbc.obj
         .\..\..\tmp32dll\Release/rc2_ecb.obj
         .\..\..\tmp32dll\Release/rc2_skey.obj
         .\..\..\tmp32dll\Release/rc2cfb64.obj
         .\..\..\tmp32dll\Release/rc2ofb64.obj
         .\..\..\tmp32dll\Release/rc4_enc.obj
         .\..\..\tmp32dll\Release/rc4_skey.obj
         .\..\..\tmp32dll\Release/rc4_utl.obj
         .\..\..\tmp32dll\Release/rc5_ecb.obj
         .\..\..\tmp32dll\Release/rc5_enc.obj
         .\..\..\tmp32dll\Release/rc5_skey.obj
         .\..\..\tmp32dll\Release/rc5cfb64.obj
         .\..\..\tmp32dll\Release/rc5ofb64.obj
         .\..\..\tmp32dll\Release/rmd_dgst.obj
         .\..\..\tmp32dll\Release/rmd_one.obj
         .\..\..\tmp32dll\Release/rsa_ameth.obj
         .\..\..\tmp32dll\Release/rsa_asn1.obj
         .\..\..\tmp32dll\Release/rsa_chk.obj
         .\..\..\tmp32dll\Release/rsa_crpt.obj
         .\..\..\tmp32dll\Release/rsa_depr.obj
         .\..\..\tmp32dll\Release/rsa_eay.obj
         .\..\..\tmp32dll\Release/rsa_err.obj
         .\..\..\tmp32dll\Release/rsa_gen.obj
         .\..\..\tmp32dll\Release/rsa_lib.obj
         .\..\..\tmp32dll\Release/rsa_none.obj
         .\..\..\tmp32dll\Release/rsa_null.obj
         .\..\..\tmp32dll\Release/rsa_oaep.obj
         .\..\..\tmp32dll\Release/rsa_pk1.obj
         .\..\..\tmp32dll\Release/rsa_pmeth.obj
         .\..\..\tmp32dll\Release/rsa_prn.obj
         .\..\..\tmp32dll\Release/rsa_pss.obj
         .\..\..\tmp32dll\Release/rsa_saos.obj
         .\..\..\tmp32dll\Release/rsa_sign.obj
         .\..\..\tmp32dll\Release/rsa_ssl.obj
         .\..\..\tmp32dll\Release/rsa_x931.obj
         .\..\..\tmp32dll\Release/seed.obj
         .\..\..\tmp32dll\Release/seed_cbc.obj
         .\..\..\tmp32dll\Release/seed_cfb.obj
         .\..\..\tmp32dll\Release/seed_ecb.obj
         .\..\..\tmp32dll\Release/seed_ofb.obj
         .\..\..\tmp32dll\Release/sha1_one.obj
         .\..\..\tmp32dll\Release/sha1dgst.obj
         .\..\..\tmp32dll\Release/sha256.obj
         .\..\..\tmp32dll\Release/sha512.obj
         .\..\..\tmp32dll\Release/sha_dgst.obj
         .\..\..\tmp32dll\Release/sha_one.obj
         .\..\..\tmp32dll\Release/srp_lib.obj
         .\..\..\tmp32dll\Release/srp_vfy.obj
         .\..\..\tmp32dll\Release/stack.obj
         .\..\..\tmp32dll\Release/ts_asn1.obj
         .\..\..\tmp32dll\Release/ts_conf.obj
         .\..\..\tmp32dll\Release/ts_err.obj
         .\..\..\tmp32dll\Release/ts_lib.obj
         .\..\..\tmp32dll\Release/ts_req_print.obj
         .\..\..\tmp32dll\Release/ts_req_utils.obj
         .\..\..\tmp32dll\Release/ts_rsp_print.obj
         .\..\..\tmp32dll\Release/ts_rsp_sign.obj
         .\..\..\tmp32dll\Release/ts_rsp_utils.obj
         .\..\..\tmp32dll\Release/ts_rsp_verify.obj
         .\..\..\tmp32dll\Release/ts_verify_ctx.obj
         .\..\..\tmp32dll\Release/txt_db.obj
         .\..\..\tmp32dll\Release/ui_compat.obj
         .\..\..\tmp32dll\Release/ui_err.obj
         .\..\..\tmp32dll\Release/ui_lib.obj
         .\..\..\tmp32dll\Release/ui_openssl.obj
         .\..\..\tmp32dll\Release/ui_util.obj
         .\..\..\tmp32dll\Release/wp_block.obj
         .\..\..\tmp32dll\Release/wp_dgst.obj
         .\..\..\tmp32dll\Release/by_dir.obj
         .\..\..\tmp32dll\Release/by_file.obj
         .\..\..\tmp32dll\Release/x509_att.obj
         .\..\..\tmp32dll\Release/x509_cmp.obj
         .\..\..\tmp32dll\Release/x509_d2.obj
         .\..\..\tmp32dll\Release/x509_def.obj
         .\..\..\tmp32dll\Release/x509_err.obj
         .\..\..\tmp32dll\Release/x509_ext.obj
         .\..\..\tmp32dll\Release/x509_lu.obj
         .\..\..\tmp32dll\Release/x509_obj.obj
         .\..\..\tmp32dll\Release/x509_r2x.obj
         .\..\..\tmp32dll\Release/x509_req.obj
         .\..\..\tmp32dll\Release/x509_set.obj
         .\..\..\tmp32dll\Release/x509_trs.obj
         .\..\..\tmp32dll\Release/x509_txt.obj
         .\..\..\tmp32dll\Release/x509_v3.obj
         .\..\..\tmp32dll\Release/x509_vfy.obj
         .\..\..\tmp32dll\Release/x509_vpm.obj
         .\..\..\tmp32dll\Release/x509cset.obj
         .\..\..\tmp32dll\Release/x509name.obj
         .\..\..\tmp32dll\Release/x509rset.obj
         .\..\..\tmp32dll\Release/x509spki.obj
         .\..\..\tmp32dll\Release/x509type.obj
         .\..\..\tmp32dll\Release/x_all.obj
         .\..\..\tmp32dll\Release/pcy_cache.obj
         .\..\..\tmp32dll\Release/pcy_data.obj
         .\..\..\tmp32dll\Release/pcy_lib.obj
         .\..\..\tmp32dll\Release/pcy_map.obj
         .\..\..\tmp32dll\Release/pcy_node.obj
         .\..\..\tmp32dll\Release/pcy_tree.obj
         .\..\..\tmp32dll\Release/v3_addr.obj
         .\..\..\tmp32dll\Release/v3_akey.obj
         .\..\..\tmp32dll\Release/v3_akeya.obj
         .\..\..\tmp32dll\Release/v3_alt.obj
         .\..\..\tmp32dll\Release/v3_asid.obj
         .\..\..\tmp32dll\Release/v3_bcons.obj
         .\..\..\tmp32dll\Release/v3_bitst.obj
         .\..\..\tmp32dll\Release/v3_conf.obj
         .\..\..\tmp32dll\Release/v3_cpols.obj
         .\..\..\tmp32dll\Release/v3_crld.obj
         .\..\..\tmp32dll\Release/v3_enum.obj
         .\..\..\tmp32dll\Release/v3_extku.obj
         .\..\..\tmp32dll\Release/v3_genn.obj
         .\..\..\tmp32dll\Release/v3_ia5.obj
         .\..\..\tmp32dll\Release/v3_info.obj
         .\..\..\tmp32dll\Release/v3_int.obj
         .\..\..\tmp32dll\Release/v3_lib.obj
         .\..\..\tmp32dll\Release/v3_ncons.obj
         .\..\..\tmp32dll\Release/v3_ocsp.obj
         .\..\..\tmp32dll\Release/v3_pci.obj
         .\..\..\tmp32dll\Release/v3_pcia.obj
         .\..\..\tmp32dll\Release/v3_pcons.obj
         .\..\..\tmp32dll\Release/v3_pku.obj
         .\..\..\tmp32dll\Release/v3_pmaps.obj
         .\..\..\tmp32dll\Release/v3_prn.obj
         .\..\..\tmp32dll\Release/v3_purp.obj
         .\..\..\tmp32dll\Release/v3_skey.obj
         .\..\..\tmp32dll\Release/v3_sxnet.obj
         .\..\..\tmp32dll\Release/v3_utl.obj
         .\..\..\tmp32dll\Release/v3err.obj
         .\..\..\tmp32dll\Release/app_rand.obj
         .\..\..\tmp32dll\Release/apps.obj
         .\..\..\tmp32dll\Release/cpt_err.obj
         .\..\..\tmp32dll\Release/cryptlib.obj
         .\..\..\tmp32dll\Release/cversion.obj
         .\..\..\tmp32dll\Release/ebcdic.obj
         .\..\..\tmp32dll\Release/ex_data.obj
         .\..\..\tmp32dll\Release/mem.obj
         .\..\..\tmp32dll\Release/mem_clr.obj
         .\..\..\tmp32dll\Release/mem_dbg.obj
         .\..\..\tmp32dll\Release/o_dir.obj
         .\..\..\tmp32dll\Release/o_fips.obj
         .\..\..\tmp32dll\Release/o_init.obj
         .\..\..\tmp32dll\Release/o_str.obj
         .\..\..\tmp32dll\Release/o_time.obj
         .\..\..\tmp32dll\Release/reqa.obj
         .\..\..\tmp32dll\Release/uid.obj
            Creating library .\..\..\out32dll\Release/libeay32.lib and object .\..\..\out32dll\Release/libeay32.exp
         libeay32.vcxproj -> F:\x\openssl\OpenSSL VS_Project\openssl-1.0.1g_VS2008\MSVC\libeay32\.\..\..\out32dll\Release\libeay32.dll
     1>Done Building Project "F:\x\openssl\OpenSSL VS_Project\openssl-1.0.1g_VS2008\MSVC\libeay32\libeay32.vcxproj" (Build target(s)).

Build succeeded.

Time Elapsed 00:00:06.33
